<?xml version="1.0" encoding="UTF-8"?>
<!-- Generated by org.testng.reporters.JUnitReportReporter -->
<testsuite hostname="DESKTOP-QF373GC" failures="0" tests="2" name="testsOrangeHRMLive.loginPageTest" time="3.201" errors="0" timestamp="2021-03-29T11:53:53 COT" skipped="0">
  <testcase classname="testsOrangeHRMLive.loginPageTest" name="loginValidatingSite" time="0.015"/>
  <system-out/>
  <testcase classname="testsOrangeHRMLive.loginPageTest" name="loginTest" time="3.186"/>
  <system-out/>
</testsuite> <!-- testsOrangeHRMLive.loginPageTest -->
