<?xml version="1.0" encoding="UTF-8"?>
<!-- Generated by org.testng.reporters.JUnitReportReporter -->
<testsuite hostname="DESKTOP-QF373GC" failures="0" tests="1" name="testsOrangeHRMLive.homePageTest" time="0.031" errors="0" timestamp="2021-04-13T22:38:40 COT" skipped="0">
  <testcase classname="testsOrangeHRMLive.homePageTest" name="homeValidatingLogin" time="0.031"/>
  <system-out/>
</testsuite> <!-- testsOrangeHRMLive.homePageTest -->
