<?xml version="1.0" encoding="UTF-8"?>
<!-- Generated by org.testng.reporters.JUnitReportReporter -->
<testsuite hostname="DESKTOP-QF373GC" failures="0" tests="1" name="testsOrangeHRMLive.homePageTest" time="0.389" errors="0" timestamp="2021-04-05T08:33:34 COT" skipped="0">
  <testcase classname="testsOrangeHRMLive.homePageTest" name="homeValidatingLogin" time="0.389"/>
  <system-out/>
</testsuite> <!-- testsOrangeHRMLive.homePageTest -->
