<?xml version="1.0" encoding="UTF-8"?>
<!-- Generated by org.testng.reporters.JUnitReportReporter -->
<testsuite hostname="DESKTOP-QF373GC" failures="0" tests="2" name="testsOrangeHRMLive.loginPageTest" time="4.355" errors="0" timestamp="2021-04-05T08:33:34 COT" skipped="0">
  <testcase classname="testsOrangeHRMLive.loginPageTest" name="loginTest" time="4.340"/>
  <system-out/>
  <testcase classname="testsOrangeHRMLive.loginPageTest" name="loginValidatingSite" time="0.015"/>
  <system-out/>
</testsuite> <!-- testsOrangeHRMLive.loginPageTest -->
