<?xml version="1.0" encoding="UTF-8"?>
<!-- Generated by org.testng.reporters.JUnitReportReporter -->
<testsuite hostname="DESKTOP-QF373GC" failures="0" tests="2" name="testsOrangeHRMLive.loginPageTest" time="2.783" errors="0" timestamp="2021-04-13T22:38:40 COT" skipped="0">
  <testcase classname="testsOrangeHRMLive.loginPageTest" name="loginValidatingSite" time="0.013"/>
  <system-out/>
  <testcase classname="testsOrangeHRMLive.loginPageTest" name="loginTest" time="2.770"/>
  <system-out/>
</testsuite> <!-- testsOrangeHRMLive.loginPageTest -->
